<?xml version="1.0" encoding="UTF-8"?>
<!-- Generated by org.testng.reporters.JUnitXMLReporter -->
<testsuite ignored="0" hostname="Santanu" failures="0" tests="3" name="Default test" time="10.289" errors="0" timestamp="2023-07-12T23:00:15 IST">
  <testcase classname="com.qb.qa.testcase.LoginPageTest" name="loginPageTitleTest" time="0.053"/>
  <testcase classname="com.qb.qa.testcase.LoginPageTest" name="loginText" time="0.113"/>
  <testcase classname="com.qb.qa.testcase.LoginPageTest" name="loginTest" time="0.37"/>
</testsuite> <!-- Default test -->
